app/build/intermediates/manifest_merge_blame_file/release/manifest-merger-blame-release-report.txt
1<?xml version="1.0" encoding="utf-8"?>
2<manifest xmlns:android="http://schemas.android.com/apk/res/android"
3    package="legym.fuck"
4    android:versionCode="26"
5    android:versionName="3.7.6" >
6
7    <uses-sdk
8        android:minSdkVersion="23"
8-->src\main\AndroidManifest.xml
9        android:targetSdkVersion="32" />
9-->src\main\AndroidManifest.xml
10    <!-- 查看网络连接 -->
11    <uses-permission android:name="android.permission.ACCESS_NETWORK_STATE" /> <!-- 只有在前台运行时才能获取大致位置信息 -->
11-->src\main\AndroidManifest.xml:6:5-79
11-->src\main\AndroidManifest.xml:6:22-76
12    <uses-permission android:name="android.permission.ACCESS_COARSE_LOCATION" /> <!-- 拥有完全的网络访问权限 -->
12-->src\main\AndroidManifest.xml:7:5-81
12-->src\main\AndroidManifest.xml:7:22-78
13    <uses-permission android:name="android.permission.INTERNET" /> <!-- 读取手机状态和身份 -->
13-->src\main\AndroidManifest.xml:8:5-67
13-->src\main\AndroidManifest.xml:8:22-64
14    <uses-permission android:name="android.permission.READ_PHONE_STATE" /> <!-- 连接WLAN网络和断开连接 -->
14-->src\main\AndroidManifest.xml:9:5-75
14-->src\main\AndroidManifest.xml:9:22-72
15    <uses-permission android:name="android.permission.CHANGE_WIFI_STATE" /> <!-- 读取您共享存储空间中的内容 -->
15-->src\main\AndroidManifest.xml:10:5-76
15-->src\main\AndroidManifest.xml:10:22-73
16    <uses-permission android:name="android.permission.READ_EXTERNAL_STORAGE" /> <!-- 只能在前台获取精确的位置信息 -->
16-->src\main\AndroidManifest.xml:11:5-80
16-->src\main\AndroidManifest.xml:11:22-77
17    <uses-permission android:name="android.permission.ACCESS_FINE_LOCATION" /> <!-- 查看WLAN连接 -->
17-->src\main\AndroidManifest.xml:12:5-79
17-->src\main\AndroidManifest.xml:12:22-76
18    <uses-permission android:name="android.permission.ACCESS_WIFI_STATE" /> <!-- 拥有完全的网络访问权限 -->
18-->src\main\AndroidManifest.xml:13:5-76
18-->src\main\AndroidManifest.xml:13:22-73
19    <uses-permission android:name="android.permission.INTERNET" /> <!-- 获取额外的位置信息提供程序命令 -->
19-->src\main\AndroidManifest.xml:8:5-67
19-->src\main\AndroidManifest.xml:8:22-64
20    <uses-permission android:name="android.permission.ACCESS_LOCATION_EXTRA_COMMANDS" /> <!-- 运行前台服务 -->
20-->src\main\AndroidManifest.xml:15:5-89
20-->src\main\AndroidManifest.xml:15:22-86
21    <uses-permission android:name="android.permission.FOREGROUND_SERVICE" /> <!-- 在后台使用位置信息 -->
21-->src\main\AndroidManifest.xml:16:5-77
21-->src\main\AndroidManifest.xml:16:22-74
22    <uses-permission android:name="android.permission.ACCESS_BACKGROUND_LOCATION" /> <!-- 请求安装文件包 -->
22-->src\main\AndroidManifest.xml:17:5-85
22-->src\main\AndroidManifest.xml:17:22-82
23    <uses-permission android:name="android.permission.REQUEST_INSTALL_PACKAGES" /> <!-- 录音 -->
23-->src\main\AndroidManifest.xml:18:5-83
23-->src\main\AndroidManifest.xml:18:22-80
24    <uses-permission android:name="android.permission.RECORD_AUDIO" /> <!-- 检索正在运行的应用 -->
24-->src\main\AndroidManifest.xml:19:5-71
24-->src\main\AndroidManifest.xml:19:22-68
25    <uses-permission android:name="android.permission.GET_TASKS" /> <!-- 防止手机休眠 -->
25-->src\main\AndroidManifest.xml:20:5-68
25-->src\main\AndroidManifest.xml:20:22-65
26    <uses-permission android:name="android.permission.WAKE_LOCK" /> <!-- 修改或删除您共享存储空间中的内容 -->
26-->src\main\AndroidManifest.xml:21:5-68
26-->src\main\AndroidManifest.xml:21:22-65
27    <uses-permission android:name="android.permission.WRITE_EXTERNAL_STORAGE" /> <!-- 此应用可显示在其他应用上方 -->
27-->src\main\AndroidManifest.xml:22:5-24:40
27-->src\main\AndroidManifest.xml:23:9-65
28    <uses-permission android:name="android.permission.SYSTEM_ALERT_WINDOW" /> <!-- 控制振动 -->
28-->src\main\AndroidManifest.xml:25:5-78
28-->src\main\AndroidManifest.xml:25:22-75
29    <uses-permission android:name="android.permission.VIBRATE" /> <!-- 拍摄照片和视频 -->
29-->src\main\AndroidManifest.xml:26:5-66
29-->src\main\AndroidManifest.xml:26:22-63
30    <uses-permission android:name="android.permission.CAMERA" />
30-->src\main\AndroidManifest.xml:27:5-65
30-->src\main\AndroidManifest.xml:27:22-62
31
32    <uses-feature android:name="android.hardware.camera.autofocus" />
32-->src\main\AndroidManifest.xml:29:5-70
32-->src\main\AndroidManifest.xml:29:19-67
33
34    <uses-permission android:name="android.permission.READ_PRIVILEGED_PHONE_STATE" />
34-->src\main\AndroidManifest.xml:31:5-33:47
34-->src\main\AndroidManifest.xml:32:9-70
35    <uses-permission android:name="android.permission.RECEIVE_BOOT_COMPLETED" />
35-->[androidx.work:work-runtime:2.7.1] AndroidManifest.xml:27:5-81
35-->[androidx.work:work-runtime:2.7.1] AndroidManifest.xml:27:22-78
36
37    <application
37-->src\main\AndroidManifest.xml:35:5-98:19
38        android:name="legym.fuck.config.App"
38-->src\main\AndroidManifest.xml:36:9-45
39        android:allowBackup="true"
39-->src\main\AndroidManifest.xml:37:9-35
40        android:appComponentFactory="androidx.core.app.CoreComponentFactory"
40-->[androidx.core:core:1.7.0] AndroidManifest.xml:24:18-86
41        android:extractNativeLibs="false"
42        android:icon="@drawable/ic_launcher"
42-->src\main\AndroidManifest.xml:38:9-45
43        android:label="@string/app_name"
43-->src\main\AndroidManifest.xml:39:9-41
44        android:requestLegacyExternalStorage="true"
44-->src\main\AndroidManifest.xml:40:9-52
45        android:roundIcon="@drawable/ic_launcher"
45-->src\main\AndroidManifest.xml:41:9-50
46        android:supportsRtl="true"
46-->src\main\AndroidManifest.xml:42:9-35
47        android:theme="@style/Theme.FuckLegym" >
47-->src\main\AndroidManifest.xml:43:9-47
48        <activity
48-->src\main\AndroidManifest.xml:44:9-46:53
49            android:name="legym.fuck.ui.courseDetail.CourseDetailActivity"
49-->src\main\AndroidManifest.xml:45:13-75
50            android:label="@string/course_detail" />
50-->src\main\AndroidManifest.xml:46:13-50
51        <activity
51-->src\main\AndroidManifest.xml:47:9-49:54
52            android:name="legym.fuck.ui.signin.SignInActivity"
52-->src\main\AndroidManifest.xml:48:13-63
53            android:label="@string/activity_title" />
53-->src\main\AndroidManifest.xml:49:13-51
54        <activity android:name="maputil.MapSelector" />
54-->src\main\AndroidManifest.xml:50:9-56
54-->src\main\AndroidManifest.xml:50:19-53
55        <activity android:name="legym.fuck.ui.main.MainActivity" />
55-->src\main\AndroidManifest.xml:51:9-68
55-->src\main\AndroidManifest.xml:51:19-65
56        <activity
56-->src\main\AndroidManifest.xml:52:9-54:55
57            android:name="legym.fuck.ui.runhistory.RunningHistoryActivity"
57-->src\main\AndroidManifest.xml:53:13-75
58            android:label="@string/running_history" />
58-->src\main\AndroidManifest.xml:54:13-52
59
60        <service android:name="com.amap.api.location.APSService" />
60-->src\main\AndroidManifest.xml:56:9-68
60-->src\main\AndroidManifest.xml:56:18-65
61
62        <activity
62-->src\main\AndroidManifest.xml:59:9-67:20
63            android:name="legym.fuck.ui.login.LoginActivity"
63-->src\main\AndroidManifest.xml:60:13-61
64            android:exported="true" >
64-->src\main\AndroidManifest.xml:61:13-36
65            <intent-filter>
65-->src\main\AndroidManifest.xml:62:13-66:29
66                <action android:name="android.intent.action.MAIN" />
66-->src\main\AndroidManifest.xml:63:17-69
66-->src\main\AndroidManifest.xml:63:25-66
67
68                <category android:name="android.intent.category.LAUNCHER" />
68-->src\main\AndroidManifest.xml:65:17-77
68-->src\main\AndroidManifest.xml:65:27-74
69            </intent-filter>
70        </activity>
71        <activity
71-->src\main\AndroidManifest.xml:68:9-70:66
72            android:name="legym.fuck.ui.huodong.HuoDongActivity"
72-->src\main\AndroidManifest.xml:69:13-65
73            android:label="@string/extracurricular_activities" />
73-->src\main\AndroidManifest.xml:70:13-63
74        <activity
74-->src\main\AndroidManifest.xml:71:9-73:54
75            android:name="legym.fuck.ui.run.RunningActivity"
75-->src\main\AndroidManifest.xml:72:13-61
76            android:label="@string/upload_running" />
76-->src\main\AndroidManifest.xml:73:13-51
77        <activity
77-->src\main\AndroidManifest.xml:74:9-76:50
78            android:name="legym.fuck.ui.doc.DocActivity"
78-->src\main\AndroidManifest.xml:75:13-57
79            android:label="@string/online_doc" />
79-->src\main\AndroidManifest.xml:76:13-47
80        <activity
80-->src\main\AndroidManifest.xml:77:9-79:52
81            android:name="legym.fuck.ui.course.CourseActivity"
81-->src\main\AndroidManifest.xml:78:13-63
82            android:label="@string/course_title" />
82-->src\main\AndroidManifest.xml:79:13-49
83        <activity
83-->src\main\AndroidManifest.xml:81:9-122
84            android:name="legym.fuck.ui.orderhistory.OrderHistoryActivity"
84-->src\main\AndroidManifest.xml:81:19-81
85            android:label="@string/order_history" />
85-->src\main\AndroidManifest.xml:81:82-119
86
87        <meta-data
87-->src\main\AndroidManifest.xml:84:9-86:64
88            android:name="com.amap.api.v2.apikey"
88-->src\main\AndroidManifest.xml:85:13-50
89            android:value="c63afd429ab2a1018fd877fdaea14fa5" />
89-->src\main\AndroidManifest.xml:86:13-61
90        <meta-data
90-->src\main\AndroidManifest.xml:87:9-89:64
91            android:name="PGYER_APPID"
91-->src\main\AndroidManifest.xml:88:13-39
92            android:value="7bc05ec8807ad76daa1a3efc3ab14cb5" />
92-->src\main\AndroidManifest.xml:89:13-61
93        <meta-data
93-->src\main\AndroidManifest.xml:90:9-92:70
94            android:name="com.google.android.gms.ads.APPLICATION_ID"
94-->src\main\AndroidManifest.xml:91:13-69
95            android:value="ca-app-pub-8566412543648811~8208410897" />
95-->src\main\AndroidManifest.xml:92:13-67
96
97        <provider
97-->src\main\AndroidManifest.xml:94:9-96:68
98            android:name="cn.bmob.v3.util.BmobContentProvider"
98-->src\main\AndroidManifest.xml:95:13-63
99            android:authorities="legym.fuck.BmobContentProvider" />
99-->src\main\AndroidManifest.xml:96:13-65
100
101        <meta-data
101-->[com.github.li-xiaojun:XPopup:2.7.6] AndroidManifest.xml:11:9-13:36
102            android:name="android.notch_support"
102-->[com.github.li-xiaojun:XPopup:2.7.6] AndroidManifest.xml:12:13-49
103            android:value="true" /> <!-- PermissonActivity -->
103-->[com.github.li-xiaojun:XPopup:2.7.6] AndroidManifest.xml:13:13-33
104        <activity
104-->[com.github.li-xiaojun:XPopup:2.7.6] AndroidManifest.xml:15:9-17:75
105            android:name="com.lxj.xpopup.util.XPermission$PermissionActivity"
105-->[com.github.li-xiaojun:XPopup:2.7.6] AndroidManifest.xml:16:13-78
106            android:theme="@android:style/Theme.Translucent.NoTitleBar" />
106-->[com.github.li-xiaojun:XPopup:2.7.6] AndroidManifest.xml:17:13-72
107
108        <provider
108-->[com.github.ldh-star:EasyingContext:1.0.4] AndroidManifest.xml:10:9-14:43
109            android:name="com.liangguo.easyingcontext.core.MyContentProvider"
109-->[com.github.ldh-star:EasyingContext:1.0.4] AndroidManifest.xml:11:13-78
110            android:authorities="legym.fuck.easyingcontext"
110-->[com.github.ldh-star:EasyingContext:1.0.4] AndroidManifest.xml:12:13-66
111            android:exported="false"
111-->[com.github.ldh-star:EasyingContext:1.0.4] AndroidManifest.xml:13:13-37
112            android:multiprocess="true" />
112-->[com.github.ldh-star:EasyingContext:1.0.4] AndroidManifest.xml:14:13-40
113        <provider
113-->[com.gitee.zackratos:UltimateBarX:0.8.0] AndroidManifest.xml:13:9-21:20
114            android:name="androidx.startup.InitializationProvider"
114-->[com.gitee.zackratos:UltimateBarX:0.8.0] AndroidManifest.xml:14:13-67
115            android:authorities="legym.fuck.androidx-startup"
115-->[com.gitee.zackratos:UltimateBarX:0.8.0] AndroidManifest.xml:15:13-68
116            android:exported="false" >
116-->[com.gitee.zackratos:UltimateBarX:0.8.0] AndroidManifest.xml:16:13-37
117            <meta-data
117-->[com.gitee.zackratos:UltimateBarX:0.8.0] AndroidManifest.xml:18:13-20:52
118                android:name="com.zackratos.ultimatebarx.ultimatebarx.UltimateBarXInitializer"
118-->[com.gitee.zackratos:UltimateBarX:0.8.0] AndroidManifest.xml:19:17-95
119                android:value="androidx.startup" />
119-->[com.gitee.zackratos:UltimateBarX:0.8.0] AndroidManifest.xml:20:17-49
120            <meta-data
120-->[androidx.emoji2:emoji2:1.0.0] AndroidManifest.xml:31:13-33:52
121                android:name="androidx.emoji2.text.EmojiCompatInitializer"
121-->[androidx.emoji2:emoji2:1.0.0] AndroidManifest.xml:32:17-75
122                android:value="androidx.startup" />
122-->[androidx.emoji2:emoji2:1.0.0] AndroidManifest.xml:33:17-49
123            <meta-data
123-->[androidx.work:work-runtime:2.7.1] AndroidManifest.xml:36:13-38:52
124                android:name="androidx.work.WorkManagerInitializer"
124-->[androidx.work:work-runtime:2.7.1] AndroidManifest.xml:37:17-68
125                android:value="androidx.startup" />
125-->[androidx.work:work-runtime:2.7.1] AndroidManifest.xml:38:17-49
126            <meta-data
126-->[androidx.lifecycle:lifecycle-process:2.4.0] AndroidManifest.xml:31:13-33:52
127                android:name="androidx.lifecycle.ProcessLifecycleInitializer"
127-->[androidx.lifecycle:lifecycle-process:2.4.0] AndroidManifest.xml:32:17-78
128                android:value="androidx.startup" />
128-->[androidx.lifecycle:lifecycle-process:2.4.0] AndroidManifest.xml:33:17-49
129        </provider>
130
131        <uses-library
131-->[androidx.window:window:1.0.0-rc01] AndroidManifest.xml:25:9-27:40
132            android:name="androidx.window.extensions"
132-->[androidx.window:window:1.0.0-rc01] AndroidManifest.xml:26:13-54
133            android:required="false" />
133-->[androidx.window:window:1.0.0-rc01] AndroidManifest.xml:27:13-37
134        <uses-library
134-->[androidx.window:window:1.0.0-rc01] AndroidManifest.xml:28:9-30:40
135            android:name="androidx.window.sidecar"
135-->[androidx.window:window:1.0.0-rc01] AndroidManifest.xml:29:13-51
136            android:required="false" />
136-->[androidx.window:window:1.0.0-rc01] AndroidManifest.xml:30:13-37
137
138        <activity android:name="com.tencent.bugly.beta.ui.BetaActiveAlertActivity" /> <!-- Beta Activity -->
138-->[com.tencent.bugly:crashreport_upgrade:1.5.23] AndroidManifest.xml:17:9-86
138-->[com.tencent.bugly:crashreport_upgrade:1.5.23] AndroidManifest.xml:17:19-83
139        <activity
139-->[com.tencent.bugly:crashreport_upgrade:1.5.23] AndroidManifest.xml:19:9-23:56
140            android:name="com.tencent.bugly.beta.ui.BetaActivity"
140-->[com.tencent.bugly:crashreport_upgrade:1.5.23] AndroidManifest.xml:20:13-66
141            android:configChanges="keyboardHidden|orientation|screenSize|locale"
141-->[com.tencent.bugly:crashreport_upgrade:1.5.23] AndroidManifest.xml:21:13-81
142            android:theme="@android:style/Theme.Translucent" /> <!-- Custom FileProvider for 7.x -->
142-->[com.tencent.bugly:crashreport_upgrade:1.5.23] AndroidManifest.xml:22:13-61
143        <provider
143-->[com.tencent.bugly:crashreport_upgrade:1.5.23] AndroidManifest.xml:24:9-34:20
144            android:name="com.tencent.bugly.beta.utils.BuglyFileProvider"
144-->[com.tencent.bugly:crashreport_upgrade:1.5.23] AndroidManifest.xml:25:13-74
145            android:authorities="legym.fuck.fileProvider"
145-->[com.tencent.bugly:crashreport_upgrade:1.5.23] AndroidManifest.xml:26:13-64
146            android:exported="false"
146-->[com.tencent.bugly:crashreport_upgrade:1.5.23] AndroidManifest.xml:27:13-37
147            android:grantUriPermissions="true" >
147-->[com.tencent.bugly:crashreport_upgrade:1.5.23] AndroidManifest.xml:28:13-47
148            <meta-data
148-->[com.tencent.bugly:crashreport_upgrade:1.5.23] AndroidManifest.xml:30:13-33:49
149                android:name="android.support.FILE_PROVIDER_PATHS"
149-->[com.tencent.bugly:crashreport_upgrade:1.5.23] AndroidManifest.xml:31:17-67
150                android:resource="@xml/provider_paths" />
150-->[com.tencent.bugly:crashreport_upgrade:1.5.23] AndroidManifest.xml:32:17-55
151        </provider> <!-- 配置tinker合成结果service -->
152        <service
152-->[com.tencent.bugly:crashreport_upgrade:1.5.23] AndroidManifest.xml:36:9-39:72
153            android:name="com.tencent.bugly.beta.tinker.TinkerResultService"
153-->[com.tencent.bugly:crashreport_upgrade:1.5.23] AndroidManifest.xml:37:13-77
154            android:exported="false"
154-->[com.tencent.bugly:crashreport_upgrade:1.5.23] AndroidManifest.xml:38:13-37
155            android:permission="android.permission.BIND_JOB_SERVICE" />
155-->[com.tencent.bugly:crashreport_upgrade:1.5.23] AndroidManifest.xml:39:13-69
156        <service
156-->[androidx.work:work-runtime:2.7.1] AndroidManifest.xml:41:9-46:35
157            android:name="androidx.work.impl.background.systemalarm.SystemAlarmService"
157-->[androidx.work:work-runtime:2.7.1] AndroidManifest.xml:42:13-88
158            android:directBootAware="false"
158-->[androidx.work:work-runtime:2.7.1] AndroidManifest.xml:43:13-44
159            android:enabled="@bool/enable_system_alarm_service_default"
159-->[androidx.work:work-runtime:2.7.1] AndroidManifest.xml:44:13-72
160            android:exported="false" />
160-->[androidx.work:work-runtime:2.7.1] AndroidManifest.xml:45:13-37
161        <service
161-->[androidx.work:work-runtime:2.7.1] AndroidManifest.xml:47:9-53:35
162            android:name="androidx.work.impl.background.systemjob.SystemJobService"
162-->[androidx.work:work-runtime:2.7.1] AndroidManifest.xml:48:13-84
163            android:directBootAware="false"
163-->[androidx.work:work-runtime:2.7.1] AndroidManifest.xml:49:13-44
164            android:enabled="@bool/enable_system_job_service_default"
164-->[androidx.work:work-runtime:2.7.1] AndroidManifest.xml:50:13-70
165            android:exported="true"
165-->[androidx.work:work-runtime:2.7.1] AndroidManifest.xml:51:13-36
166            android:permission="android.permission.BIND_JOB_SERVICE" />
166-->[androidx.work:work-runtime:2.7.1] AndroidManifest.xml:52:13-69
167        <service
167-->[androidx.work:work-runtime:2.7.1] AndroidManifest.xml:54:9-59:35
168            android:name="androidx.work.impl.foreground.SystemForegroundService"
168-->[androidx.work:work-runtime:2.7.1] AndroidManifest.xml:55:13-81
169            android:directBootAware="false"
169-->[androidx.work:work-runtime:2.7.1] AndroidManifest.xml:56:13-44
170            android:enabled="@bool/enable_system_foreground_service_default"
170-->[androidx.work:work-runtime:2.7.1] AndroidManifest.xml:57:13-77
171            android:exported="false" />
171-->[androidx.work:work-runtime:2.7.1] AndroidManifest.xml:58:13-37
172
173        <receiver
173-->[androidx.work:work-runtime:2.7.1] AndroidManifest.xml:61:9-66:35
174            android:name="androidx.work.impl.utils.ForceStopRunnable$BroadcastReceiver"
174-->[androidx.work:work-runtime:2.7.1] AndroidManifest.xml:62:13-88
175            android:directBootAware="false"
175-->[androidx.work:work-runtime:2.7.1] AndroidManifest.xml:63:13-44
176            android:enabled="true"
176-->[androidx.work:work-runtime:2.7.1] AndroidManifest.xml:64:13-35
177            android:exported="false" />
177-->[androidx.work:work-runtime:2.7.1] AndroidManifest.xml:65:13-37
178        <receiver
178-->[androidx.work:work-runtime:2.7.1] AndroidManifest.xml:67:9-77:20
179            android:name="androidx.work.impl.background.systemalarm.ConstraintProxy$BatteryChargingProxy"
179-->[androidx.work:work-runtime:2.7.1] AndroidManifest.xml:68:13-106
180            android:directBootAware="false"
180-->[androidx.work:work-runtime:2.7.1] AndroidManifest.xml:69:13-44
181            android:enabled="false"
181-->[androidx.work:work-runtime:2.7.1] AndroidManifest.xml:70:13-36
182            android:exported="false" >
182-->[androidx.work:work-runtime:2.7.1] AndroidManifest.xml:71:13-37
183            <intent-filter>
183-->[androidx.work:work-runtime:2.7.1] AndroidManifest.xml:73:13-76:29
184                <action android:name="android.intent.action.ACTION_POWER_CONNECTED" />
184-->[androidx.work:work-runtime:2.7.1] AndroidManifest.xml:74:17-87
184-->[androidx.work:work-runtime:2.7.1] AndroidManifest.xml:74:25-84
185                <action android:name="android.intent.action.ACTION_POWER_DISCONNECTED" />
185-->[androidx.work:work-runtime:2.7.1] AndroidManifest.xml:75:17-90
185-->[androidx.work:work-runtime:2.7.1] AndroidManifest.xml:75:25-87
186            </intent-filter>
187        </receiver>
188        <receiver
188-->[androidx.work:work-runtime:2.7.1] AndroidManifest.xml:78:9-88:20
189            android:name="androidx.work.impl.background.systemalarm.ConstraintProxy$BatteryNotLowProxy"
189-->[androidx.work:work-runtime:2.7.1] AndroidManifest.xml:79:13-104
190            android:directBootAware="false"
190-->[androidx.work:work-runtime:2.7.1] AndroidManifest.xml:80:13-44
191            android:enabled="false"
191-->[androidx.work:work-runtime:2.7.1] AndroidManifest.xml:81:13-36
192            android:exported="false" >
192-->[androidx.work:work-runtime:2.7.1] AndroidManifest.xml:82:13-37
193            <intent-filter>
193-->[androidx.work:work-runtime:2.7.1] AndroidManifest.xml:84:13-87:29
194                <action android:name="android.intent.action.BATTERY_OKAY" />
194-->[androidx.work:work-runtime:2.7.1] AndroidManifest.xml:85:17-77
194-->[androidx.work:work-runtime:2.7.1] AndroidManifest.xml:85:25-74
195                <action android:name="android.intent.action.BATTERY_LOW" />
195-->[androidx.work:work-runtime:2.7.1] AndroidManifest.xml:86:17-76
195-->[androidx.work:work-runtime:2.7.1] AndroidManifest.xml:86:25-73
196            </intent-filter>
197        </receiver>
198        <receiver
198-->[androidx.work:work-runtime:2.7.1] AndroidManifest.xml:89:9-99:20
199            android:name="androidx.work.impl.background.systemalarm.ConstraintProxy$StorageNotLowProxy"
199-->[androidx.work:work-runtime:2.7.1] AndroidManifest.xml:90:13-104
200            android:directBootAware="false"
200-->[androidx.work:work-runtime:2.7.1] AndroidManifest.xml:91:13-44
201            android:enabled="false"
201-->[androidx.work:work-runtime:2.7.1] AndroidManifest.xml:92:13-36
202            android:exported="false" >
202-->[androidx.work:work-runtime:2.7.1] AndroidManifest.xml:93:13-37
203            <intent-filter>
203-->[androidx.work:work-runtime:2.7.1] AndroidManifest.xml:95:13-98:29
204                <action android:name="android.intent.action.DEVICE_STORAGE_LOW" />
204-->[androidx.work:work-runtime:2.7.1] AndroidManifest.xml:96:17-83
204-->[androidx.work:work-runtime:2.7.1] AndroidManifest.xml:96:25-80
205                <action android:name="android.intent.action.DEVICE_STORAGE_OK" />
205-->[androidx.work:work-runtime:2.7.1] AndroidManifest.xml:97:17-82
205-->[androidx.work:work-runtime:2.7.1] AndroidManifest.xml:97:25-79
206            </intent-filter>
207        </receiver>
208        <receiver
208-->[androidx.work:work-runtime:2.7.1] AndroidManifest.xml:100:9-109:20
209            android:name="androidx.work.impl.background.systemalarm.ConstraintProxy$NetworkStateProxy"
209-->[androidx.work:work-runtime:2.7.1] AndroidManifest.xml:101:13-103
210            android:directBootAware="false"
210-->[androidx.work:work-runtime:2.7.1] AndroidManifest.xml:102:13-44
211            android:enabled="false"
211-->[androidx.work:work-runtime:2.7.1] AndroidManifest.xml:103:13-36
212            android:exported="false" >
212-->[androidx.work:work-runtime:2.7.1] AndroidManifest.xml:104:13-37
213            <intent-filter>
213-->[androidx.work:work-runtime:2.7.1] AndroidManifest.xml:106:13-108:29
214                <action android:name="android.net.conn.CONNECTIVITY_CHANGE" />
214-->[androidx.work:work-runtime:2.7.1] AndroidManifest.xml:107:17-79
214-->[androidx.work:work-runtime:2.7.1] AndroidManifest.xml:107:25-76
215            </intent-filter>
216        </receiver>
217        <receiver
217-->[androidx.work:work-runtime:2.7.1] AndroidManifest.xml:110:9-121:20
218            android:name="androidx.work.impl.background.systemalarm.RescheduleReceiver"
218-->[androidx.work:work-runtime:2.7.1] AndroidManifest.xml:111:13-88
219            android:directBootAware="false"
219-->[androidx.work:work-runtime:2.7.1] AndroidManifest.xml:112:13-44
220            android:enabled="false"
220-->[androidx.work:work-runtime:2.7.1] AndroidManifest.xml:113:13-36
221            android:exported="false" >
221-->[androidx.work:work-runtime:2.7.1] AndroidManifest.xml:114:13-37
222            <intent-filter>
222-->[androidx.work:work-runtime:2.7.1] AndroidManifest.xml:116:13-120:29
223                <action android:name="android.intent.action.BOOT_COMPLETED" />
223-->[androidx.work:work-runtime:2.7.1] AndroidManifest.xml:117:17-79
223-->[androidx.work:work-runtime:2.7.1] AndroidManifest.xml:117:25-76
224                <action android:name="android.intent.action.TIME_SET" />
224-->[androidx.work:work-runtime:2.7.1] AndroidManifest.xml:118:17-73
224-->[androidx.work:work-runtime:2.7.1] AndroidManifest.xml:118:25-70
225                <action android:name="android.intent.action.TIMEZONE_CHANGED" />
225-->[androidx.work:work-runtime:2.7.1] AndroidManifest.xml:119:17-81
225-->[androidx.work:work-runtime:2.7.1] AndroidManifest.xml:119:25-78
226            </intent-filter>
227        </receiver>
228        <receiver
228-->[androidx.work:work-runtime:2.7.1] AndroidManifest.xml:122:9-131:20
229            android:name="androidx.work.impl.background.systemalarm.ConstraintProxyUpdateReceiver"
229-->[androidx.work:work-runtime:2.7.1] AndroidManifest.xml:123:13-99
230            android:directBootAware="false"
230-->[androidx.work:work-runtime:2.7.1] AndroidManifest.xml:124:13-44
231            android:enabled="@bool/enable_system_alarm_service_default"
231-->[androidx.work:work-runtime:2.7.1] AndroidManifest.xml:125:13-72
232            android:exported="false" >
232-->[androidx.work:work-runtime:2.7.1] AndroidManifest.xml:126:13-37
233            <intent-filter>
233-->[androidx.work:work-runtime:2.7.1] AndroidManifest.xml:128:13-130:29
234                <action android:name="androidx.work.impl.background.systemalarm.UpdateProxies" />
234-->[androidx.work:work-runtime:2.7.1] AndroidManifest.xml:129:17-98
234-->[androidx.work:work-runtime:2.7.1] AndroidManifest.xml:129:25-95
235            </intent-filter>
236        </receiver>
237        <receiver
237-->[androidx.work:work-runtime:2.7.1] AndroidManifest.xml:132:9-142:20
238            android:name="androidx.work.impl.diagnostics.DiagnosticsReceiver"
238-->[androidx.work:work-runtime:2.7.1] AndroidManifest.xml:133:13-78
239            android:directBootAware="false"
239-->[androidx.work:work-runtime:2.7.1] AndroidManifest.xml:134:13-44
240            android:enabled="true"
240-->[androidx.work:work-runtime:2.7.1] AndroidManifest.xml:135:13-35
241            android:exported="true"
241-->[androidx.work:work-runtime:2.7.1] AndroidManifest.xml:136:13-36
242            android:permission="android.permission.DUMP" >
242-->[androidx.work:work-runtime:2.7.1] AndroidManifest.xml:137:13-57
243            <intent-filter>
243-->[androidx.work:work-runtime:2.7.1] AndroidManifest.xml:139:13-141:29
244                <action android:name="androidx.work.diagnostics.REQUEST_DIAGNOSTICS" />
244-->[androidx.work:work-runtime:2.7.1] AndroidManifest.xml:140:17-88
244-->[androidx.work:work-runtime:2.7.1] AndroidManifest.xml:140:25-85
245            </intent-filter>
246        </receiver>
247
248        <service
248-->[androidx.room:room-runtime:2.2.5] AndroidManifest.xml:25:9-28:40
249            android:name="androidx.room.MultiInstanceInvalidationService"
249-->[androidx.room:room-runtime:2.2.5] AndroidManifest.xml:26:13-74
250            android:directBootAware="true"
250-->[androidx.room:room-runtime:2.2.5] AndroidManifest.xml:27:13-43
251            android:exported="false" />
251-->[androidx.room:room-runtime:2.2.5] AndroidManifest.xml:28:13-37
252    </application>
253
254</manifest>